{"/Users/vovashko/Desktop/programming/CODAM/transcendence/trans-org/src/api-gateway/index.ts": {"path":"/Users/vovashko/Desktop/programming/CODAM/transcendence/trans-org/src/api-gateway/index.ts","all":false,"statementMap":{"0":{"start":{"line":1,"column":0},"end":{"line":1,"column":30}},"3":{"start":{"line":4,"column":0},"end":{"line":4,"column":35}},"4":{"start":{"line":5,"column":0},"end":{"line":5,"column":26}},"5":{"start":{"line":6,"column":0},"end":{"line":6,"column":13}},"6":{"start":{"line":7,"column":0},"end":{"line":7,"column":20}},"7":{"start":{"line":8,"column":0},"end":{"line":8,"column":18}},"8":{"start":{"line":9,"column":0},"end":{"line":9,"column":30}},"9":{"start":{"line":10,"column":0},"end":{"line":10,"column":18}},"10":{"start":{"line":11,"column":0},"end":{"line":11,"column":24}},"11":{"start":{"line":12,"column":0},"end":{"line":12,"column":9}},"12":{"start":{"line":13,"column":0},"end":{"line":13,"column":7}},"13":{"start":{"line":14,"column":0},"end":{"line":14,"column":5}},"14":{"start":{"line":15,"column":0},"end":{"line":15,"column":5}},"17":{"start":{"line":18,"column":0},"end":{"line":18,"column":51}},"18":{"start":{"line":19,"column":0},"end":{"line":19,"column":70}},"19":{"start":{"line":20,"column":0},"end":{"line":20,"column":5}},"21":{"start":{"line":22,"column":0},"end":{"line":22,"column":51}},"22":{"start":{"line":23,"column":0},"end":{"line":23,"column":38}},"23":{"start":{"line":24,"column":0},"end":{"line":24,"column":24}},"24":{"start":{"line":25,"column":0},"end":{"line":25,"column":27}},"25":{"start":{"line":26,"column":0},"end":{"line":26,"column":5}},"27":{"start":{"line":28,"column":0},"end":{"line":28,"column":16}},"28":{"start":{"line":29,"column":0},"end":{"line":29,"column":2}},"30":{"start":{"line":31,"column":0},"end":{"line":31,"column":30}},"33":{"start":{"line":34,"column":0},"end":{"line":34,"column":27}},"34":{"start":{"line":35,"column":0},"end":{"line":35,"column":7}},"35":{"start":{"line":36,"column":0},"end":{"line":36,"column":70}},"36":{"start":{"line":37,"column":0},"end":{"line":37,"column":47}},"38":{"start":{"line":39,"column":0},"end":{"line":39,"column":36}},"39":{"start":{"line":40,"column":0},"end":{"line":40,"column":72}},"40":{"start":{"line":41,"column":0},"end":{"line":41,"column":17}},"41":{"start":{"line":42,"column":0},"end":{"line":42,"column":26}},"42":{"start":{"line":43,"column":0},"end":{"line":43,"column":20}},"43":{"start":{"line":44,"column":0},"end":{"line":44,"column":3}},"44":{"start":{"line":45,"column":0},"end":{"line":45,"column":2}},"47":{"start":{"line":48,"column":0},"end":{"line":48,"column":35}},"48":{"start":{"line":49,"column":0},"end":{"line":49,"column":64}},"49":{"start":{"line":50,"column":0},"end":{"line":50,"column":23}},"50":{"start":{"line":51,"column":0},"end":{"line":51,"column":18}},"51":{"start":{"line":52,"column":0},"end":{"line":52,"column":3}},"53":{"start":{"line":54,"column":0},"end":{"line":54,"column":34}},"54":{"start":{"line":55,"column":0},"end":{"line":55,"column":63}},"55":{"start":{"line":56,"column":0},"end":{"line":56,"column":23}},"56":{"start":{"line":57,"column":0},"end":{"line":57,"column":18}},"57":{"start":{"line":58,"column":0},"end":{"line":58,"column":3}},"59":{"start":{"line":60,"column":0},"end":{"line":60,"column":8}}},"s":{"0":1,"3":1,"4":5,"5":5,"6":5,"7":5,"8":5,"9":5,"10":5,"11":5,"12":5,"13":5,"14":5,"17":5,"18":1,"19":5,"21":5,"22":5,"23":5,"24":5,"25":5,"27":5,"28":5,"30":1,"33":1,"34":1,"35":1,"36":1,"38":1,"39":1,"40":1,"41":0,"42":0,"43":0,"44":1,"47":1,"48":0,"49":0,"50":0,"51":0,"53":1,"54":0,"55":0,"56":0,"57":0,"59":1},"branchMap":{"0":{"type":"branch","line":4,"loc":{"start":{"line":4,"column":28},"end":{"line":29,"column":2}},"locations":[{"start":{"line":4,"column":28},"end":{"line":29,"column":2}}]},"1":{"type":"branch","line":18,"loc":{"start":{"line":18,"column":24},"end":{"line":20,"column":3}},"locations":[{"start":{"line":18,"column":24},"end":{"line":20,"column":3}}]},"2":{"type":"branch","line":34,"loc":{"start":{"line":34,"column":14},"end":{"line":45,"column":2}},"locations":[{"start":{"line":34,"column":14},"end":{"line":45,"column":2}}]},"3":{"type":"branch","line":36,"loc":{"start":{"line":36,"column":29},"end":{"line":36,"column":65}},"locations":[{"start":{"line":36,"column":29},"end":{"line":36,"column":65}}]},"4":{"type":"branch","line":41,"loc":{"start":{"line":41,"column":2},"end":{"line":44,"column":3}},"locations":[{"start":{"line":41,"column":2},"end":{"line":44,"column":3}}]}},"b":{"0":[5],"1":[1],"2":[1],"3":[0],"4":[0]},"fnMap":{"0":{"name":"createServer","decl":{"start":{"line":4,"column":28},"end":{"line":29,"column":2}},"loc":{"start":{"line":4,"column":28},"end":{"line":29,"column":2}},"line":4},"1":{"name":"start","decl":{"start":{"line":34,"column":14},"end":{"line":45,"column":2}},"loc":{"start":{"line":34,"column":14},"end":{"line":45,"column":2}},"line":34}},"f":{"0":5,"1":1}}
}
